<?xml version="1.0" encoding="UTF-8"?>
<!-- Generated by org.testng.reporters.JUnitXMLReporter -->
<testsuite ignored="0" hostname="DESKTOP-GADAAMP" failures="0" tests="3" name="Test" time="79.737" errors="0" timestamp="2024-03-11T14:56:55 IST">
  <testcase classname="testCases.TC_001_AccountRegistrationTest" name="verify_account_registration" time="5.887"/>
  <testcase classname="testCases.TC_002_LoginTest" name="verify_login" time="2.27"/>
  <testcase classname="testCases.TC_006_EndToEndTest" name="endToendTest" time="54.566"/>
</testsuite> <!-- Test -->
